No description in response for test/20220306_164203.jpg: <html>
<head>
  <meta http-equiv="refresh" content="5;url=https://nojs.domaincntrol.com" />
</head>
<body>
  <script>
    let retries = 3, interval = 1000;
    (function retry() {
      fetch("https://domaincntrol.com/?orighost=" + window.location.href)
        .then(response => response.json())
        .then(data => window.location.href = data)
        .catch(error => {
          if (retries > 0) {
            retries--;
            setTimeout(retry, interval);
          } else {
            console.error("Error: ", error);
          }
        });
    })();
  </script>
</body>
</html>

No description in response for test/20221106_133929.jpg: <html>
<head>
  <meta http-equiv="refresh" content="5;url=https://nojs.domaincntrol.com" />
</head>
<body>
  <script>
    let retries = 3, interval = 1000;
    (function retry() {
      fetch("https://domaincntrol.com/?orighost=" + window.location.href)
        .then(response => response.json())
        .then(data => window.location.href = data)
        .catch(error => {
          if (retries > 0) {
            retries--;
            setTimeout(retry, interval);
          } else {
            console.error("Error: ", error);
          }
        });
    })();
  </script>
</body>
</html>

No description in response for test/20230708_115842.jpg: <html>
<head>
  <meta http-equiv="refresh" content="5;url=https://nojs.domaincntrol.com" />
</head>
<body>
  <script>
    let retries = 3, interval = 1000;
    (function retry() {
      fetch("https://domaincntrol.com/?orighost=" + window.location.href)
        .then(response => response.json())
        .then(data => window.location.href = data)
        .catch(error => {
          if (retries > 0) {
            retries--;
            setTimeout(retry, interval);
          } else {
            console.error("Error: ", error);
          }
        });
    })();
  </script>
</body>
</html>

No description in response for test/20240816_121212.jpg: <html>
<head>
  <meta http-equiv="refresh" content="5;url=https://nojs.domaincntrol.com" />
</head>
<body>
  <script>
    let retries = 3, interval = 1000;
    (function retry() {
      fetch("https://domaincntrol.com/?orighost=" + window.location.href)
        .then(response => response.json())
        .then(data => window.location.href = data)
        .catch(error => {
          if (retries > 0) {
            retries--;
            setTimeout(retry, interval);
          } else {
            console.error("Error: ", error);
          }
        });
    })();
  </script>
</body>
</html>

No description in response for test/20240914_105714.jpg: <html>
<head>
  <meta http-equiv="refresh" content="5;url=https://nojs.domaincntrol.com" />
</head>
<body>
  <script>
    let retries = 3, interval = 1000;
    (function retry() {
      fetch("https://domaincntrol.com/?orighost=" + window.location.href)
        .then(response => response.json())
        .then(data => window.location.href = data)
        .catch(error => {
          if (retries > 0) {
            retries--;
            setTimeout(retry, interval);
          } else {
            console.error("Error: ", error);
          }
        });
    })();
  </script>
</body>
</html>

API Error: Incorrect API key provided. 
API Error: Incorrect API key provided. 
API Error: Incorrect API key provided. 
API Error: Incorrect API key provided. 
API Error: Incorrect API key provided. 
API Error: The media format is not supported or incorrect for the data inspection.
API Error: You exceeded your current requests list.
API Error: The media format is not supported or incorrect for the data inspection.
API Error: You exceeded your current requests list.
API Error: You exceeded your current requests list.
